#
# A fatal error has been detected by the Java Runtime Environment:
#
#  Internal Error (0xc000000d), pid=9428, tid=0x00000000000003a0
#
# JRE version: Java(TM) SE Runtime Environment (8.0_211-b12) (build 1.8.0_211-b12)
# Java VM: Java HotSpot(TM) 64-Bit Server VM (25.211-b12 mixed mode windows-amd64 compressed oops)
# Problematic frame:
# C  [ntdll.dll+0x110470]
#
# Failed to write core dump. Minidumps are not enabled by default on client versions of Windows
#
# If you would like to submit a bug report, please visit:
#   http://bugreport.java.com/bugreport/crash.jsp
#

---------------  T H R E A D  ---------------

Current thread (0x0000000018867000):  VMThread [stack: 0x000000001a530000,0x000000001a630000] [id=928]

siginfo: ExceptionCode=0xc000000d

Registers:
RAX=0x0000000000000000, RBX=0x0000000000000001, RCX=0x0000000000000000, RDX=0x0000000000000000
RSP=0x000000001a62ecc0, RBP=0x000000001e7b0230, RSI=0x000000001e7b0468, RDI=0x000000001e7c1500
R8 =0x0000000000000000, R9 =0x0000000000000000, R10=0x0000000000000000, R11=0x0000000000000000
R12=0x0000000000000000, R13=0x0000000000000000, R14=0x000000001e7c1450, R15=0x000000001e7ca620
RIP=0x00007ffc36a90470, EFLAGS=0x0000000000000202

Top of Stack: (sp=0x000000001a62ecc0)
0x000000001a62ecc0:   0000000000000057 0000000000000001
0x000000001a62ecd0:   000000001e7b0468 000000001e7c1500
0x000000001a62ece0:   00000000c000000d 0000000000000000
0x000000001a62ecf0:   00007ffc36a90470 0000000000000000
0x000000001a62ed00:   0000000000000000 0000000000000000
0x000000001a62ed10:   0000000000000000 0000000000000000
0x000000001a62ed20:   0000000000000000 0000000000000000
0x000000001a62ed30:   0000000000000000 0000000000000000
0x000000001a62ed40:   0000000000000000 0000000000000000
0x000000001a62ed50:   0000000000000000 0000000000000000
0x000000001a62ed60:   0000000000000000 0000000000000000
0x000000001a62ed70:   0000000000000000 0000000000000000
0x000000001a62ed80:   00006cf94067b6fb 000000001e7b0230
0x000000001a62ed90:   000000001e7b0230 00007ffc2dd6af89
0x000000001a62eda0:   0000000000000000 000000001e7c1450
0x000000001a62edb0:   0000000000000000 0000000000000000 

Instructions: (pc=0x00007ffc36a90470)
0x00007ffc36a90450:   60 f9 ff c7 44 24 20 0d 00 00 c0 b9 57 00 00 00
0x00007ffc36a90460:   e8 db 93 f4 ff 90 48 8d 4c 24 20 e8 60 82 ef ff
0x00007ffc36a90470:   eb 00 48 8b 8c 24 c0 00 00 00 48 33 cc e8 ae f3
0x00007ffc36a90480:   f7 ff 48 81 c4 d8 00 00 00 c3 40 55 48 83 ec 20 


Register to memory mapping:

RAX=0x0000000000000000 is an unknown value
RBX=0x0000000000000001 is an unknown value
RCX=0x0000000000000000 is an unknown value
RDX=0x0000000000000000 is an unknown value
RSP=0x000000001a62ecc0 is an unknown value
RBP=0x000000001e7b0230 is an unknown value
RSI=0x000000001e7b0468 is an unknown value
RDI=0x000000001e7c1500 is an unknown value
R8 =0x0000000000000000 is an unknown value
R9 =0x0000000000000000 is an unknown value
R10=0x0000000000000000 is an unknown value
R11=0x0000000000000000 is an unknown value
R12=0x0000000000000000 is an unknown value
R13=0x0000000000000000 is an unknown value
R14=0x000000001e7c1450 is an unknown value
R15=0x000000001e7ca620 is an unknown value


Stack: [0x000000001a530000,0x000000001a630000],  sp=0x000000001a62ecc0,  free space=1019k
Native frames: (J=compiled Java code, j=interpreted, Vv=VM code, C=native code)
C  [ntdll.dll+0x110470]
C  [RTWorkQ.DLL+0xaf89]
C  [RTWorkQ.DLL+0x19b1]
C  [RTWorkQ.DLL+0xad98]
C  [RTWorkQ.DLL+0xac22]
C  [MFPlat.DLL+0x7650]
C  [MFReadWrite.dll+0x23e60]
C  [MFReadWrite.dll+0x20444]
C  [MFReadWrite.dll+0x20195]
C  [mfksproxy.dll+0x16fcd]
C  [mfksproxy.dll+0x15f82]
C  [mfksproxy.dll+0x68d8]
C  [quartz.dll+0x4361a]
C  [quartz.dll+0x56ee4]
C  [quartz.dll+0x595d2]
C  [quartz.dll+0x58965]
C  [opencv_videoio341.dll+0x112fc]
C  [opencv_videoio341.dll+0x28c40]
C  [ucrtbase.dll+0x13e26]
C  [ucrtbase.dll+0x13d4b]
C  [ucrtbase.dll+0x13d04]
C  [opencv_videoio341.dll+0x24672]
C  [opencv_videoio341.dll+0x24768]
C  [ntdll.dll+0x48f07]
C  [ntdll.dll+0x435bc]
C  [ntdll.dll+0x66dcd]
C  [KERNEL32.DLL+0x1d62a]
C  [msvcr100.dll+0x20ccd]
V  [jvm.dll+0x2140d5]
V  [jvm.dll+0x24d5f7]
V  [jvm.dll+0x24c896]
V  [jvm.dll+0x24cd31]
V  [jvm.dll+0x24cf4e]
V  [jvm.dll+0x29fc6a]
C  [msvcr100.dll+0x21d9f]
C  [msvcr100.dll+0x21e3b]
C  [KERNEL32.DLL+0x17974]
C  [ntdll.dll+0x6a271]

VM_Operation (0x0000000027b5cdc0): Exit, mode: safepoint, requested by thread 0x000000001c911000


---------------  P R O C E S S  ---------------

Java Threads: ( => current thread )
  0x000000001c911000 JavaThread "AWT-EventQueue-0" [_thread_blocked, id=4224, stack(0x0000000027a60000,0x0000000027b60000)]
  0x000000001c944000 JavaThread "AWT-Shutdown" [_thread_blocked, id=6376, stack(0x0000000026170000,0x0000000026270000)]
  0x000000001c955800 JavaThread "Java2D Disposer" daemon [_thread_blocked, id=10524, stack(0x0000000026070000,0x0000000026170000)]
  0x000000001c3e2000 JavaThread "JavaCPP Deallocator" daemon [_thread_blocked, id=8264, stack(0x000000001e280000,0x000000001e380000)]
  0x000000001b3b5000 JavaThread "Service Thread" daemon [_thread_blocked, id=14128, stack(0x000000001bd30000,0x000000001be30000)]
  0x000000001b30f000 JavaThread "C1 CompilerThread3" daemon [_thread_blocked, id=9948, stack(0x000000001bc30000,0x000000001bd30000)]
  0x000000001b30b800 JavaThread "C2 CompilerThread2" daemon [_thread_blocked, id=2568, stack(0x000000001bb30000,0x000000001bc30000)]
  0x000000001b30a800 JavaThread "C2 CompilerThread1" daemon [_thread_blocked, id=792, stack(0x000000001ba30000,0x000000001bb30000)]
  0x000000001b2c1000 JavaThread "C2 CompilerThread0" daemon [_thread_blocked, id=7720, stack(0x000000001b930000,0x000000001ba30000)]
  0x000000001a6e2800 JavaThread "JDWP Command Reader" daemon [_thread_blocked, id=3512, stack(0x000000001b030000,0x000000001b130000)]
  0x000000001a6e1800 JavaThread "JDWP Event Helper Thread" daemon [_thread_blocked, id=14016, stack(0x000000001af30000,0x000000001b030000)]
  0x000000001a6d0000 JavaThread "JDWP Transport Listener: dt_socket" daemon [_thread_blocked, id=3152, stack(0x000000001ae30000,0x000000001af30000)]
  0x000000001a6c4000 JavaThread "Attach Listener" daemon [_thread_blocked, id=1768, stack(0x000000001ad30000,0x000000001ae30000)]
  0x000000001a670800 JavaThread "Signal Dispatcher" daemon [_thread_blocked, id=8056, stack(0x000000001ac30000,0x000000001ad30000)]
  0x0000000018874800 JavaThread "Finalizer" daemon [_thread_blocked, id=7260, stack(0x000000001ab30000,0x000000001ac30000)]
  0x000000001a650800 JavaThread "Reference Handler" daemon [_thread_blocked, id=2848, stack(0x000000001aa30000,0x000000001ab30000)]
  0x00000000036b9000 JavaThread "main" [_thread_blocked, id=8416, stack(0x00000000034f0000,0x00000000035f0000)]

Other Threads:
=>0x0000000018867000 VMThread [stack: 0x000000001a530000,0x000000001a630000] [id=928]

VM state:at safepoint (shutting down)

VM Mutex/Monitor currently owned by a thread:  ([mutex/lock_event])
[0x00000000036b08d0] Threads_lock - owner thread: 0x0000000018867000

heap address: 0x0000000082600000, size: 2010 MB, Compressed Oops mode: 32-bit
Narrow klass base: 0x0000000000000000, Narrow klass shift: 3
Compressed class space size: 1073741824 Address: 0x0000000100000000

Heap:
 PSYoungGen      total 34816K, used 30067K [0x00000000d6200000, 0x00000000d8f80000, 0x0000000100000000)
  eden space 31232K, 84% used [0x00000000d6200000,0x00000000d7be4d68,0x00000000d8080000)
  from space 3584K, 99% used [0x00000000d8100000,0x00000000d8478020,0x00000000d8480000)
  to   space 7680K, 0% used [0x00000000d8800000,0x00000000d8800000,0x00000000d8f80000)
 ParOldGen       total 86016K, used 7286K [0x0000000082600000, 0x0000000087a00000, 0x00000000d6200000)
  object space 86016K, 8% used [0x0000000082600000,0x0000000082d1d960,0x0000000087a00000)
 Metaspace       used 15329K, capacity 15538K, committed 15872K, reserved 1062912K
  class space    used 1691K, capacity 1743K, committed 1792K, reserved 1048576K

Card table byte_map: [0x0000000012d30000,0x0000000013120000] byte_map_base: 0x000000001291d000

Marking Bits: (ParMarkBitMap*) 0x0000000074325ce0
 Begin Bits: [0x0000000013bc0000, 0x0000000015b28000)
 End Bits:   [0x0000000015b28000, 0x0000000017a90000)

Polling page: 0x00000000018a0000

CodeCache: size=245760Kb used=5572Kb max_used=5572Kb free=240187Kb
 bounds [0x0000000003970000, 0x0000000003ef0000, 0x0000000012970000]
 total_blobs=1953 nmethods=1367 adapters=506
 compilation: enabled

Compilation events (10 events):
Event: 19.883 Thread 0x000000001b30f000 1362       3       org.bytedeco.javacv.OpenCVFrameConverter$ToMat::convert (6 bytes)
Event: 19.883 Thread 0x000000001b30f000 nmethod 1362 0x0000000003ee0490 code [0x0000000003ee0600, 0x0000000003ee0828]
Event: 19.883 Thread 0x000000001b30f000 1363       3       org.bytedeco.javacv.OpenCVFrameConverter::convertToMat (123 bytes)
Event: 19.884 Thread 0x000000001b30f000 nmethod 1363 0x0000000003ee08d0 code [0x0000000003ee0ae0, 0x0000000003ee1588]
Event: 19.906 Thread 0x000000001b30f000 1364       3       org.bytedeco.javacv.CanvasFrame::showImage (7 bytes)
Event: 19.906 Thread 0x000000001b30f000 nmethod 1364 0x0000000003ee1a50 code [0x0000000003ee1c00, 0x0000000003ee1f28]
Event: 19.906 Thread 0x000000001b30f000 1365       3       org.bytedeco.javacv.CanvasFrame::showImage (35 bytes)
Event: 19.906 Thread 0x000000001b30f000 nmethod 1365 0x0000000003ee20d0 code [0x0000000003ee2280, 0x0000000003ee2548]
Event: 20.787 Thread 0x000000001b30f000 1367       3       java.awt.Component::isVisible (5 bytes)
Event: 20.787 Thread 0x000000001b30f000 nmethod 1367 0x0000000003ee2a10 code [0x0000000003ee2b60, 0x0000000003ee2d50]

GC Heap History (10 events):
Event: 2.312 GC heap before
{Heap before GC invocations=3 (full 0):
 PSYoungGen      total 37888K, used 35501K [0x00000000d6200000, 0x00000000d8c00000, 0x0000000100000000)
  eden space 32768K, 99% used [0x00000000d6200000,0x00000000d81fe3b0,0x00000000d8200000)
  from space 5120K, 53% used [0x00000000d8700000,0x00000000d89ad140,0x00000000d8c00000)
  to   space 5120K, 0% used [0x00000000d8200000,0x00000000d8200000,0x00000000d8700000)
 ParOldGen       total 86016K, used 16K [0x0000000082600000, 0x0000000087a00000, 0x00000000d6200000)
  object space 86016K, 0% used [0x0000000082600000,0x0000000082604000,0x0000000087a00000)
 Metaspace       used 8669K, capacity 8758K, committed 8960K, reserved 1056768K
  class space    used 963K, capacity 980K, committed 1024K, reserved 1048576K
Event: 2.314 GC heap after
Heap after GC invocations=3 (full 0):
 PSYoungGen      total 37888K, used 2314K [0x00000000d6200000, 0x00000000d8c00000, 0x0000000100000000)
  eden space 32768K, 0% used [0x00000000d6200000,0x00000000d6200000,0x00000000d8200000)
  from space 5120K, 45% used [0x00000000d8200000,0x00000000d8442a78,0x00000000d8700000)
  to   space 5120K, 0% used [0x00000000d8700000,0x00000000d8700000,0x00000000d8c00000)
 ParOldGen       total 86016K, used 24K [0x0000000082600000, 0x0000000087a00000, 0x00000000d6200000)
  object space 86016K, 0% used [0x0000000082600000,0x0000000082606000,0x0000000087a00000)
 Metaspace       used 8669K, capacity 8758K, committed 8960K, reserved 1056768K
  class space    used 963K, capacity 980K, committed 1024K, reserved 1048576K
}
Event: 2.615 GC heap before
{Heap before GC invocations=4 (full 0):
 PSYoungGen      total 37888K, used 35082K [0x00000000d6200000, 0x00000000d8c00000, 0x0000000100000000)
  eden space 32768K, 100% used [0x00000000d6200000,0x00000000d8200000,0x00000000d8200000)
  from space 5120K, 45% used [0x00000000d8200000,0x00000000d8442a78,0x00000000d8700000)
  to   space 5120K, 0% used [0x00000000d8700000,0x00000000d8700000,0x00000000d8c00000)
 ParOldGen       total 86016K, used 24K [0x0000000082600000, 0x0000000087a00000, 0x00000000d6200000)
  object space 86016K, 0% used [0x0000000082600000,0x0000000082606000,0x0000000087a00000)
 Metaspace       used 9148K, capacity 9302K, committed 9472K, reserved 1058816K
  class space    used 979K, capacity 1012K, committed 1024K, reserved 1048576K
Event: 2.617 GC heap after
Heap after GC invocations=4 (full 0):
 PSYoungGen      total 37888K, used 2116K [0x00000000d6200000, 0x00000000d8c00000, 0x0000000100000000)
  eden space 32768K, 0% used [0x00000000d6200000,0x00000000d6200000,0x00000000d8200000)
  from space 5120K, 41% used [0x00000000d8700000,0x00000000d8911130,0x00000000d8c00000)
  to   space 5120K, 0% used [0x00000000d8200000,0x00000000d8200000,0x00000000d8700000)
 ParOldGen       total 86016K, used 32K [0x0000000082600000, 0x0000000087a00000, 0x00000000d6200000)
  object space 86016K, 0% used [0x0000000082600000,0x0000000082608000,0x0000000087a00000)
 Metaspace       used 9148K, capacity 9302K, committed 9472K, reserved 1058816K
  class space    used 979K, capacity 1012K, committed 1024K, reserved 1048576K
}
Event: 3.539 GC heap before
{Heap before GC invocations=5 (full 0):
 PSYoungGen      total 37888K, used 34884K [0x00000000d6200000, 0x00000000d8c00000, 0x0000000100000000)
  eden space 32768K, 100% used [0x00000000d6200000,0x00000000d8200000,0x00000000d8200000)
  from space 5120K, 41% used [0x00000000d8700000,0x00000000d8911130,0x00000000d8c00000)
  to   space 5120K, 0% used [0x00000000d8200000,0x00000000d8200000,0x00000000d8700000)
 ParOldGen       total 86016K, used 32K [0x0000000082600000, 0x0000000087a00000, 0x00000000d6200000)
  object space 86016K, 0% used [0x0000000082600000,0x0000000082608000,0x0000000087a00000)
 Metaspace       used 9253K, capacity 9430K, committed 9472K, reserved 1058816K
  class space    used 987K, capacity 1012K, committed 1024K, reserved 1048576K
Event: 3.541 GC heap after
Heap after GC invocations=5 (full 0):
 PSYoungGen      total 34816K, used 2068K [0x00000000d6200000, 0x00000000d8880000, 0x0000000100000000)
  eden space 32256K, 0% used [0x00000000d6200000,0x00000000d6200000,0x00000000d8180000)
  from space 2560K, 80% used [0x00000000d8200000,0x00000000d8405120,0x00000000d8480000)
  to   space 3584K, 0% used [0x00000000d8500000,0x00000000d8500000,0x00000000d8880000)
 ParOldGen       total 86016K, used 40K [0x0000000082600000, 0x0000000087a00000, 0x00000000d6200000)
  object space 86016K, 0% used [0x0000000082600000,0x000000008260a000,0x0000000087a00000)
 Metaspace       used 9253K, capacity 9430K, committed 9472K, reserved 1058816K
  class space    used 987K, capacity 1012K, committed 1024K, reserved 1048576K
}
Event: 3.748 GC heap before
{Heap before GC invocations=6 (full 0):
 PSYoungGen      total 34816K, used 34324K [0x00000000d6200000, 0x00000000d8880000, 0x0000000100000000)
  eden space 32256K, 100% used [0x00000000d6200000,0x00000000d8180000,0x00000000d8180000)
  from space 2560K, 80% used [0x00000000d8200000,0x00000000d8405120,0x00000000d8480000)
  to   space 3584K, 0% used [0x00000000d8500000,0x00000000d8500000,0x00000000d8880000)
 ParOldGen       total 86016K, used 40K [0x0000000082600000, 0x0000000087a00000, 0x00000000d6200000)
  object space 86016K, 0% used [0x0000000082600000,0x000000008260a000,0x0000000087a00000)
 Metaspace       used 9426K, capacity 9590K, committed 9856K, reserved 1058816K
  class space    used 1017K, capacity 1044K, committed 1152K, reserved 1048576K
Event: 3.750 GC heap after
Heap after GC invocations=6 (full 0):
 PSYoungGen      total 34816K, used 2196K [0x00000000d6200000, 0x00000000d8800000, 0x0000000100000000)
  eden space 31744K, 0% used [0x00000000d6200000,0x00000000d6200000,0x00000000d8100000)
  from space 3072K, 71% used [0x00000000d8500000,0x00000000d8725120,0x00000000d8800000)
  to   space 3584K, 0% used [0x00000000d8100000,0x00000000d8100000,0x00000000d8480000)
 ParOldGen       total 86016K, used 48K [0x0000000082600000, 0x0000000087a00000, 0x00000000d6200000)
  object space 86016K, 0% used [0x0000000082600000,0x000000008260c000,0x0000000087a00000)
 Metaspace       used 9426K, capacity 9590K, committed 9856K, reserved 1058816K
  class space    used 1017K, capacity 1044K, committed 1152K, reserved 1048576K
}
Event: 6.825 GC heap before
{Heap before GC invocations=7 (full 0):
 PSYoungGen      total 34816K, used 33940K [0x00000000d6200000, 0x00000000d8800000, 0x0000000100000000)
  eden space 31744K, 100% used [0x00000000d6200000,0x00000000d8100000,0x00000000d8100000)
  from space 3072K, 71% used [0x00000000d8500000,0x00000000d8725120,0x00000000d8800000)
  to   space 3584K, 0% used [0x00000000d8100000,0x00000000d8100000,0x00000000d8480000)
 ParOldGen       total 86016K, used 48K [0x0000000082600000, 0x0000000087a00000, 0x00000000d6200000)
  object space 86016K, 0% used [0x0000000082600000,0x000000008260c000,0x0000000087a00000)
 Metaspace       used 15062K, capacity 15330K, committed 15616K, reserved 1062912K
  class space    used 1691K, capacity 1743K, committed 1792K, reserved 1048576K
Event: 6.828 GC heap after
Heap after GC invocations=7 (full 0):
 PSYoungGen      total 34816K, used 3552K [0x00000000d6200000, 0x00000000d8f80000, 0x0000000100000000)
  eden space 31232K, 0% used [0x00000000d6200000,0x00000000d6200000,0x00000000d8080000)
  from space 3584K, 99% used [0x00000000d8100000,0x00000000d8478020,0x00000000d8480000)
  to   space 7680K, 0% used [0x00000000d8800000,0x00000000d8800000,0x00000000d8f80000)
 ParOldGen       total 86016K, used 7286K [0x0000000082600000, 0x0000000087a00000, 0x00000000d6200000)
  object space 86016K, 8% used [0x0000000082600000,0x0000000082d1d960,0x0000000087a00000)
 Metaspace       used 15062K, capacity 15330K, committed 15616K, reserved 1062912K
  class space    used 1691K, capacity 1743K, committed 1792K, reserved 1048576K
}

Deoptimization events (10 events):
Event: 3.781 Thread 0x00000000036b9000 Uncommon trap: reason=unstable_if action=reinterpret pc=0x0000000003c768a0 method=java.lang.String.lastIndexOf([CII[CIII)I @ 66
Event: 3.877 Thread 0x00000000036b9000 Uncommon trap: reason=unstable_if action=reinterpret pc=0x0000000003b05b1c method=java.lang.AbstractStringBuilder.append(Ljava/lang/String;)Ljava/lang/AbstractStringBuilder; @ 1
Event: 3.877 Thread 0x00000000036b9000 Uncommon trap: reason=unstable_if action=reinterpret pc=0x0000000003b07514 method=java.lang.AbstractStringBuilder.append(Ljava/lang/String;)Ljava/lang/AbstractStringBuilder; @ 1
Event: 3.881 Thread 0x00000000036b9000 Uncommon trap: reason=unstable_if action=reinterpret pc=0x0000000003b7d340 method=java.util.HashMap.hash(Ljava/lang/Object;)I @ 1
Event: 3.881 Thread 0x00000000036b9000 Uncommon trap: reason=unstable_if action=reinterpret pc=0x0000000003d95d70 method=java.util.HashMap.hash(Ljava/lang/Object;)I @ 1
Event: 3.883 Thread 0x00000000036b9000 Uncommon trap: reason=unstable_if action=reinterpret pc=0x0000000003b7e72c method=java.util.HashMap.hash(Ljava/lang/Object;)I @ 1
Event: 3.920 Thread 0x000000001c947000 Uncommon trap: reason=bimorphic action=maybe_recompile pc=0x0000000003d8a25c method=java.util.HashMap.putVal(ILjava/lang/Object;Ljava/lang/Object;ZZ)Ljava/lang/Object; @ 203
Event: 3.921 Thread 0x000000001c947000 Uncommon trap: reason=bimorphic action=maybe_recompile pc=0x0000000003d8a25c method=java.util.HashMap.putVal(ILjava/lang/Object;Ljava/lang/Object;ZZ)Ljava/lang/Object; @ 203
Event: 3.921 Thread 0x000000001c947000 Uncommon trap: reason=bimorphic action=maybe_recompile pc=0x0000000003d8a25c method=java.util.HashMap.putVal(ILjava/lang/Object;Ljava/lang/Object;ZZ)Ljava/lang/Object; @ 203
Event: 5.050 Thread 0x00000000036b9000 Uncommon trap: reason=unstable_if action=reinterpret pc=0x0000000003dc8938 method=org.bytedeco.javacv.Java2DFrameConverter.flipCopyWithGamma(Ljava/nio/ByteBuffer;ILjava/nio/ByteBuffer;IZDZI)V @ 50

Classes redefined (0 events):
No events

Internal exceptions (10 events):
Event: 6.972 Thread 0x00000000036b9000 Exception <a 'sun/nio/fs/WindowsException'> (0x00000000d7b1e300) thrown at [C:\re\workspace\8-2-build-windows-amd64-cygwin\jdk8u211\12973\hotspot\src\share\vm\prims\jni.cpp, line 710]
Event: 6.973 Thread 0x00000000036b9000 Exception <a 'sun/nio/fs/WindowsException'> (0x00000000d7b1f9d0) thrown at [C:\re\workspace\8-2-build-windows-amd64-cygwin\jdk8u211\12973\hotspot\src\share\vm\prims\jni.cpp, line 710]
Event: 6.973 Thread 0x00000000036b9000 Exception <a 'sun/nio/fs/WindowsException'> (0x00000000d7b210a0) thrown at [C:\re\workspace\8-2-build-windows-amd64-cygwin\jdk8u211\12973\hotspot\src\share\vm\prims\jni.cpp, line 710]
Event: 6.973 Thread 0x00000000036b9000 Exception <a 'sun/nio/fs/WindowsException'> (0x00000000d7b227a0) thrown at [C:\re\workspace\8-2-build-windows-amd64-cygwin\jdk8u211\12973\hotspot\src\share\vm\prims\jni.cpp, line 710]
Event: 6.973 Thread 0x00000000036b9000 Exception <a 'sun/nio/fs/WindowsException'> (0x00000000d7b23ea0) thrown at [C:\re\workspace\8-2-build-windows-amd64-cygwin\jdk8u211\12973\hotspot\src\share\vm\prims\jni.cpp, line 710]
Event: 6.973 Thread 0x00000000036b9000 Exception <a 'sun/nio/fs/WindowsException'> (0x00000000d7b255f0) thrown at [C:\re\workspace\8-2-build-windows-amd64-cygwin\jdk8u211\12973\hotspot\src\share\vm\prims\jni.cpp, line 710]
Event: 6.973 Thread 0x00000000036b9000 Exception <a 'sun/nio/fs/WindowsException'> (0x00000000d7b26cc0) thrown at [C:\re\workspace\8-2-build-windows-amd64-cygwin\jdk8u211\12973\hotspot\src\share\vm\prims\jni.cpp, line 710]
Event: 6.973 Thread 0x00000000036b9000 Exception <a 'sun/nio/fs/WindowsException'> (0x00000000d7b28408) thrown at [C:\re\workspace\8-2-build-windows-amd64-cygwin\jdk8u211\12973\hotspot\src\share\vm\prims\jni.cpp, line 710]
Event: 6.973 Thread 0x00000000036b9000 Exception <a 'sun/nio/fs/WindowsException'> (0x00000000d7b29b08) thrown at [C:\re\workspace\8-2-build-windows-amd64-cygwin\jdk8u211\12973\hotspot\src\share\vm\prims\jni.cpp, line 710]
Event: 6.974 Thread 0x00000000036b9000 Exception <a 'sun/nio/fs/WindowsException'> (0x00000000d7b2b228) thrown at [C:\re\workspace\8-2-build-windows-amd64-cygwin\jdk8u211\12973\hotspot\src\share\vm\prims\jni.cpp, line 710]

Events (10 events):
Event: 6.971 Thread 0x00000000036b9000 DEOPT PACKING pc=0x0000000003df972c sp=0x00000000035ecf50
Event: 6.971 Thread 0x00000000036b9000 DEOPT UNPACKING pc=0x00000000039b7890 sp=0x00000000035ecef8 mode 1
Event: 6.971 Thread 0x00000000036b9000 DEOPT PACKING pc=0x0000000003d151c4 sp=0x00000000035ecfc0
Event: 6.971 Thread 0x00000000036b9000 DEOPT UNPACKING pc=0x00000000039b7890 sp=0x00000000035ecd60 mode 1
Event: 21.602 Thread 0x000000001b70e000 Thread added: 0x000000001b70e000
Event: 21.602 Thread 0x000000001b70f000 Thread added: 0x000000001b70f000
Event: 21.602 Thread 0x000000001b70e000 Thread exited: 0x000000001b70e000
Event: 21.612 Thread 0x000000001c947000 Thread exited: 0x000000001c947000
Event: 21.706 Thread 0x000000001b70f000 Thread exited: 0x000000001b70f000
Event: 21.707 Executing VM operation: Exit


Dynamic libraries:
0x00007ff61e280000 - 0x00007ff61e2b7000 	D:\Java\bin\java.exe
0x00007ffc36980000 - 0x00007ffc36b6d000 	C:\WINDOWS\SYSTEM32\ntdll.dll
0x00007ffc347a0000 - 0x00007ffc34853000 	C:\WINDOWS\System32\KERNEL32.DLL
0x00007ffc33380000 - 0x00007ffc33613000 	C:\WINDOWS\System32\KERNELBASE.dll
0x00007ffc33c30000 - 0x00007ffc33cd3000 	C:\WINDOWS\System32\ADVAPI32.dll
0x00007ffc34b20000 - 0x00007ffc34bbe000 	C:\WINDOWS\System32\msvcrt.dll
0x00007ffc34c40000 - 0x00007ffc34cde000 	C:\WINDOWS\System32\sechost.dll
0x00007ffc34d10000 - 0x00007ffc34e32000 	C:\WINDOWS\System32\RPCRT4.dll
0x00007ffc35080000 - 0x00007ffc35217000 	C:\WINDOWS\System32\USER32.dll
0x00007ffc337e0000 - 0x00007ffc33800000 	C:\WINDOWS\System32\win32u.dll
0x00007ffc34ce0000 - 0x00007ffc34d09000 	C:\WINDOWS\System32\GDI32.dll
0x00007ffc32a90000 - 0x00007ffc32c29000 	C:\WINDOWS\System32\gdi32full.dll
0x00007ffc33640000 - 0x00007ffc336e0000 	C:\WINDOWS\System32\msvcp_win.dll
0x00007ffc336e0000 - 0x00007ffc337da000 	C:\WINDOWS\System32\ucrtbase.dll
0x00007ffc1e620000 - 0x00007ffc1e899000 	C:\WINDOWS\WinSxS\amd64_microsoft.windows.common-controls_6595b64144ccf1df_6.0.17763.737_none_05b6437c071e554b\COMCTL32.dll
0x00007ffc33d60000 - 0x00007ffc3408c000 	C:\WINDOWS\System32\combase.dll
0x00007ffc33a10000 - 0x00007ffc33a8e000 	C:\WINDOWS\System32\bcryptPrimitives.dll
0x00007ffc34770000 - 0x00007ffc3479e000 	C:\WINDOWS\System32\IMM32.DLL
0x00000000752b0000 - 0x0000000075382000 	D:\Java\jre\bin\msvcr100.dll
0x0000000073b00000 - 0x00000000743a5000 	D:\Java\jre\bin\server\jvm.dll
0x00007ffc33ba0000 - 0x00007ffc33ba8000 	C:\WINDOWS\System32\PSAPI.DLL
0x00007ffc25e40000 - 0x00007ffc25e49000 	C:\WINDOWS\SYSTEM32\WSOCK32.dll
0x00007ffc34bc0000 - 0x00007ffc34c2d000 	C:\WINDOWS\System32\WS2_32.dll
0x00007ffc30630000 - 0x00007ffc30654000 	C:\WINDOWS\SYSTEM32\WINMM.dll
0x00007ffc2b470000 - 0x00007ffc2b47a000 	C:\WINDOWS\SYSTEM32\VERSION.dll
0x00007ffc301b0000 - 0x00007ffc301dd000 	C:\WINDOWS\SYSTEM32\WINMMBASE.dll
0x00007ffc32a40000 - 0x00007ffc32a8a000 	C:\WINDOWS\System32\cfgmgr32.dll
0x00007ffc2d9e0000 - 0x00007ffc2d9ef000 	D:\Java\jre\bin\verify.dll
0x00007ffc2b8e0000 - 0x00007ffc2b909000 	D:\Java\jre\bin\java.dll
0x00007ffc1bf30000 - 0x00007ffc1bf65000 	D:\Java\jre\bin\jdwp.dll
0x00007ffc2b770000 - 0x00007ffc2b778000 	D:\Java\jre\bin\npt.dll
0x00007ffc17d50000 - 0x00007ffc17d73000 	D:\Java\jre\bin\instrument.dll
0x00007ffc27100000 - 0x00007ffc27116000 	D:\Java\jre\bin\zip.dll
0x00007ffc35450000 - 0x00007ffc36942000 	C:\WINDOWS\System32\SHELL32.dll
0x00007ffc34e40000 - 0x00007ffc34ee8000 	C:\WINDOWS\System32\shcore.dll
0x00007ffc32c30000 - 0x00007ffc3337a000 	C:\WINDOWS\System32\windows.storage.dll
0x00007ffc329b0000 - 0x00007ffc329d4000 	C:\WINDOWS\System32\profapi.dll
0x00007ffc329e0000 - 0x00007ffc32a3d000 	C:\WINDOWS\System32\powrprof.dll
0x00007ffc34ef0000 - 0x00007ffc34f42000 	C:\WINDOWS\System32\shlwapi.dll
0x00007ffc32990000 - 0x00007ffc329a1000 	C:\WINDOWS\System32\kernel.appcore.dll
0x00007ffc33620000 - 0x00007ffc33637000 	C:\WINDOWS\System32\cryptsp.dll
0x00007ffc27a00000 - 0x00007ffc27a09000 	D:\Java\jre\bin\dt_socket.dll
0x00007ffc321e0000 - 0x00007ffc32247000 	C:\WINDOWS\system32\mswsock.dll
0x00007ffc31d60000 - 0x00007ffc31d93000 	C:\WINDOWS\system32\rsaenh.dll
0x00007ffc339e0000 - 0x00007ffc33a06000 	C:\WINDOWS\System32\bcrypt.dll
0x00007ffc32870000 - 0x00007ffc32898000 	C:\WINDOWS\SYSTEM32\USERENV.dll
0x00007ffc323b0000 - 0x00007ffc323bc000 	C:\WINDOWS\SYSTEM32\CRYPTBASE.dll
0x00007ffc26bf0000 - 0x00007ffc26c0a000 	D:\Java\jre\bin\net.dll
0x00007ffc1e060000 - 0x00007ffc1e237000 	C:\WINDOWS\SYSTEM32\urlmon.dll
0x00007ffc1ccb0000 - 0x00007ffc1cf58000 	C:\WINDOWS\SYSTEM32\iertutil.dll
0x00007ffc31f00000 - 0x00007ffc31f3d000 	C:\WINDOWS\SYSTEM32\IPHLPAPI.DLL
0x00007ffc34200000 - 0x00007ffc34208000 	C:\WINDOWS\System32\NSI.dll
0x00007ffc26100000 - 0x00007ffc26116000 	C:\WINDOWS\SYSTEM32\dhcpcsvc6.DLL
0x00007ffc26b60000 - 0x00007ffc26b7c000 	C:\WINDOWS\SYSTEM32\dhcpcsvc.DLL
0x00007ffc31f40000 - 0x00007ffc32006000 	C:\WINDOWS\SYSTEM32\DNSAPI.dll
0x00007ffc266a0000 - 0x00007ffc266b2000 	D:\Java\jre\bin\nio.dll
0x00007ffc0fb20000 - 0x00007ffc0fb71000 	C:\Users\adiministartor\.javacpp\cache\libfreenect2-0.2.0-1.4.1-windows-x86_64.jar\org\bytedeco\javacpp\windows-x86_64\concrt140.dll
0x00007ffc2b480000 - 0x00007ffc2b526000 	C:\WINDOWS\SYSTEM32\MSVCP140.dll
0x00007ffc2b530000 - 0x00007ffc2b546000 	C:\WINDOWS\SYSTEM32\VCRUNTIME140.dll
0x00007ffc05630000 - 0x00007ffc056cd000 	C:\Users\adiministartor\.javacpp\cache\libfreenect2-0.2.0-1.4.1-windows-x86_64.jar\org\bytedeco\javacpp\windows-x86_64\msvcp140.dll
0x00007ffc1bd40000 - 0x00007ffc1bd57000 	C:\Users\adiministartor\.javacpp\cache\libfreenect2-0.2.0-1.4.1-windows-x86_64.jar\org\bytedeco\javacpp\windows-x86_64\vcruntime140.dll
0x0000000003690000 - 0x0000000003693000 	C:\Users\adiministartor\.javacpp\cache\libfreenect2-0.2.0-1.4.1-windows-x86_64.jar\org\bytedeco\javacpp\windows-x86_64\api-ms-win-crt-locale-l1-1-0.dll
0x0000000003930000 - 0x0000000003934000 	C:\Users\adiministartor\.javacpp\cache\libfreenect2-0.2.0-1.4.1-windows-x86_64.jar\org\bytedeco\javacpp\windows-x86_64\api-ms-win-crt-string-l1-1-0.dll
0x0000000003940000 - 0x0000000003944000 	C:\Users\adiministartor\.javacpp\cache\libfreenect2-0.2.0-1.4.1-windows-x86_64.jar\org\bytedeco\javacpp\windows-x86_64\api-ms-win-crt-stdio-l1-1-0.dll
0x0000000003950000 - 0x0000000003955000 	C:\Users\adiministartor\.javacpp\cache\libfreenect2-0.2.0-1.4.1-windows-x86_64.jar\org\bytedeco\javacpp\windows-x86_64\api-ms-win-crt-math-l1-1-0.dll
0x000000001cff0000 - 0x000000001cff3000 	C:\Users\adiministartor\.javacpp\cache\libfreenect2-0.2.0-1.4.1-windows-x86_64.jar\org\bytedeco\javacpp\windows-x86_64\api-ms-win-crt-heap-l1-1-0.dll
0x000000001d000000 - 0x000000001d004000 	C:\Users\adiministartor\.javacpp\cache\libfreenect2-0.2.0-1.4.1-windows-x86_64.jar\org\bytedeco\javacpp\windows-x86_64\api-ms-win-crt-runtime-l1-1-0.dll
0x000000001d010000 - 0x000000001d014000 	C:\Users\adiministartor\.javacpp\cache\libfreenect2-0.2.0-1.4.1-windows-x86_64.jar\org\bytedeco\javacpp\windows-x86_64\api-ms-win-crt-convert-l1-1-0.dll
0x000000001d020000 - 0x000000001d023000 	C:\Users\adiministartor\.javacpp\cache\libfreenect2-0.2.0-1.4.1-windows-x86_64.jar\org\bytedeco\javacpp\windows-x86_64\api-ms-win-crt-environment-l1-1-0.dll
0x000000001d030000 - 0x000000001d033000 	C:\Users\adiministartor\.javacpp\cache\libfreenect2-0.2.0-1.4.1-windows-x86_64.jar\org\bytedeco\javacpp\windows-x86_64\api-ms-win-crt-time-l1-1-0.dll
0x000000001d040000 - 0x000000001d043000 	C:\Users\adiministartor\.javacpp\cache\libfreenect2-0.2.0-1.4.1-windows-x86_64.jar\org\bytedeco\javacpp\windows-x86_64\api-ms-win-crt-filesystem-l1-1-0.dll
0x000000001d050000 - 0x000000001d053000 	C:\Users\adiministartor\.javacpp\cache\libfreenect2-0.2.0-1.4.1-windows-x86_64.jar\org\bytedeco\javacpp\windows-x86_64\api-ms-win-crt-utility-l1-1-0.dll
0x000000001d060000 - 0x000000001d065000 	C:\Users\adiministartor\.javacpp\cache\libfreenect2-0.2.0-1.4.1-windows-x86_64.jar\org\bytedeco\javacpp\windows-x86_64\api-ms-win-crt-multibyte-l1-1-0.dll
0x00007ffbf4900000 - 0x00007ffbf4c04000 	C:\Users\adiministartor\.javacpp\cache\opencv-3.4.1-1.4.1-windows-x86_64.jar\org\bytedeco\javacpp\windows-x86_64\opencv_core341.dll
0x00007ffbf37c0000 - 0x00007ffbf3bc5000 	C:\Users\adiministartor\.javacpp\cache\opencv-3.4.1-1.4.1-windows-x86_64.jar\org\bytedeco\javacpp\windows-x86_64\opencv_imgproc341.dll
0x00007ffbf2900000 - 0x00007ffbf2c8e000 	C:\Users\adiministartor\.javacpp\cache\opencv-3.4.1-1.4.1-windows-x86_64.jar\org\bytedeco\javacpp\windows-x86_64\jniopencv_core.dll
0x00007ffbfc030000 - 0x00007ffbfc186000 	C:\Users\adiministartor\.javacpp\cache\opencv-3.4.1-1.4.1-windows-x86_64.jar\org\bytedeco\javacpp\windows-x86_64\jniopencv_imgproc.dll
0x00007ffbf54c0000 - 0x00007ffbf578f000 	C:\Users\adiministartor\.javacpp\cache\opencv-3.4.1-1.4.1-windows-x86_64.jar\org\bytedeco\javacpp\windows-x86_64\opencv_imgcodecs341.dll
0x00007ffc0d2a0000 - 0x00007ffc0d2d4000 	C:\Users\adiministartor\.javacpp\cache\opencv-3.4.1-1.4.1-windows-x86_64.jar\org\bytedeco\javacpp\windows-x86_64\jniopencv_imgcodecs.dll
0x00007ffc0ccc0000 - 0x00007ffc0cd11000 	C:\Users\adiministartor\.javacpp\cache\opencv-3.4.1-1.4.1-windows-x86_64.jar\org\bytedeco\javacpp\windows-x86_64\opencv_videoio341.dll
0x00007ffc352f0000 - 0x00007ffc35445000 	C:\WINDOWS\System32\ole32.dll
0x00007ffc0d280000 - 0x00007ffc0d2a0000 	C:\WINDOWS\SYSTEM32\AVIFIL32.dll
0x00007ffc0cc90000 - 0x00007ffc0ccb9000 	C:\WINDOWS\SYSTEM32\MSVFW32.dll
0x00007ffc0c550000 - 0x00007ffc0c568000 	C:\WINDOWS\SYSTEM32\AVICAP32.dll
0x00007ffc35220000 - 0x00007ffc352e4000 	C:\WINDOWS\System32\OLEAUT32.dll
0x00007ffc236f0000 - 0x00007ffc2370c000 	C:\WINDOWS\SYSTEM32\MSACM32.dll
0x00007ffc0b870000 - 0x00007ffc0b88f000 	C:\Users\adiministartor\.javacpp\cache\opencv-3.4.1-1.4.1-windows-x86_64.jar\org\bytedeco\javacpp\windows-x86_64\jniopencv_videoio.dll
0x00007ffc30b90000 - 0x00007ffc30c2c000 	C:\WINDOWS\system32\uxtheme.dll
0x00007ffc0b2a0000 - 0x00007ffc0b2b8000 	C:\Windows\System32\devenum.dll
0x00007ffc342f0000 - 0x00007ffc34766000 	C:\WINDOWS\System32\setupapi.dll
0x00007ffc319e0000 - 0x00007ffc31a11000 	C:\WINDOWS\SYSTEM32\ntmarta.dll
0x00007ffc32780000 - 0x00007ffc327a9000 	C:\WINDOWS\SYSTEM32\DEVOBJ.dll
0x00007ffc33a90000 - 0x00007ffc33ae9000 	C:\WINDOWS\System32\WINTRUST.dll
0x00007ffc32970000 - 0x00007ffc32982000 	C:\WINDOWS\System32\MSASN1.dll
0x00007ffc33800000 - 0x00007ffc339db000 	C:\WINDOWS\System32\CRYPT32.dll
0x00007ffc26ed0000 - 0x00007ffc26edb000 	C:\WINDOWS\SYSTEM32\msdmo.dll
0x00007ffc09c40000 - 0x00007ffc09c74000 	C:\Windows\System32\qcap.dll
0x00007ffbfb3b0000 - 0x00007ffbfb575000 	C:\Windows\System32\quartz.dll
0x00007ffc34090000 - 0x00007ffc341fb000 	C:\WINDOWS\System32\MSCTF.dll
0x00007ffc30e90000 - 0x00007ffc30ebe000 	C:\WINDOWS\system32\dwmapi.dll
0x00007ffc079a0000 - 0x00007ffc079ea000 	C:\Windows\System32\mfksproxy.dll
0x00007ffc30780000 - 0x00007ffc3079c000 	C:\Windows\System32\ATL.DLL
0x00007ffc2e050000 - 0x00007ffc2e251000 	C:\Windows\System32\MFPlat.DLL
0x00007ffc2dd60000 - 0x00007ffc2dd8f000 	C:\Windows\System32\RTWorkQ.DLL
0x00007ffc05e40000 - 0x00007ffc05e94000 	C:\Windows\System32\MFSENSORGROUP.dll
0x00007ffbf0e20000 - 0x00007ffbf1349000 	C:\Windows\System32\MFCORE.dll
0x00007ffc17160000 - 0x00007ffc17169000 	C:\Windows\System32\ksuser.dll
0x00007ffc04e00000 - 0x00007ffc04e52000 	C:\Windows\System32\FSClient.dll
0x00007ffc31770000 - 0x00007ffc31832000 	C:\Windows\System32\dxgi.dll
0x00007ffc2f7a0000 - 0x00007ffc2fa1e000 	C:\Windows\System32\d3d11.dll
0x00007ffc2eb50000 - 0x00007ffc2eb5a000 	C:\Windows\System32\AVRT.dll
0x00007ffc26cb0000 - 0x00007ffc26cbd000 	C:\Windows\System32\vidcap.ax
0x00007ffc09a80000 - 0x00007ffc09aa6000 	C:\Windows\System32\kswdmcap.ax
0x00007ffbf4790000 - 0x00007ffbf48f2000 	C:\Windows\System32\MFC42.dll
0x00007ffc287c0000 - 0x00007ffc28840000 	C:\WINDOWS\SYSTEM32\policymanager.dll
0x00007ffc2f1f0000 - 0x00007ffc2f27a000 	C:\Windows\System32\msvcp110_win.dll
0x00007ffc01160000 - 0x00007ffc01299000 	C:\Windows\System32\MFReadWrite.dll
0x00007ffbff6b0000 - 0x00007ffbff751000 	C:\Windows\System32\qedit.dll
0x00007ffc34f50000 - 0x00007ffc35077000 	C:\WINDOWS\System32\COMDLG32.dll
0x00007ffc21b50000 - 0x00007ffc21cf5000 	C:\WINDOWS\WinSxS\amd64_microsoft.windows.gdiplus_6595b64144ccf1df_1.1.17763.737_none_36a1366161b0cf19\gdiplus.dll
0x00007ffc0f630000 - 0x00007ffc0f729000 	C:\Windows\System32\DDRAW.dll
0x00007ffc307a0000 - 0x00007ffc307a8000 	C:\Windows\System32\DCIMAN32.dll
0x00007ffc26910000 - 0x00007ffc2691c000 	C:\WINDOWS\SYSTEM32\msyuv.dll
0x00007ffbfe8b0000 - 0x00007ffbfe943000 	C:\Users\adiministartor\.javacpp\cache\opencv-3.4.1-1.4.1-windows-x86_64.jar\org\bytedeco\javacpp\windows-x86_64\opencv_objdetect341.dll
0x00007ffbff630000 - 0x00007ffbff6a9000 	C:\Users\adiministartor\.javacpp\cache\opencv-3.4.1-1.4.1-windows-x86_64.jar\org\bytedeco\javacpp\windows-x86_64\jniopencv_objdetect.dll
0x00007ffbf1a90000 - 0x00007ffbf1c29000 	D:\Java\jre\bin\awt.dll
0x00007ffc30850000 - 0x00007ffc308dc000 	C:\WINDOWS\SYSTEM32\apphelp.dll
0x00007ffbf5c10000 - 0x00007ffbf5d37000 	C:\WINDOWS\system32\opengl32.dll

VM Arguments:
jvm_args: -agentlib:jdwp=transport=dt_socket,address=127.0.0.1:51213,suspend=y,server=n -ea -Didea.test.cyclic.buffer.size=1048576 -javaagent:C:\Users\adiministartor\.IntelliJIdea2018.3\system\captureAgent\debugger-agent.jar -Dfile.encoding=UTF-8 
java_command: com.intellij.rt.execution.junit.JUnitStarter -ideVersion5 -junit4 JavaCVTest,testFaceRecognize
java_class_path (initial): D:\IntelliJ IDEA 2018.3\lib\idea_rt.jar;D:\IntelliJ IDEA 2018.3\plugins\junit\lib\junit-rt.jar;D:\IntelliJ IDEA 2018.3\plugins\junit\lib\junit5-rt.jar;D:\Java\jre\lib\charsets.jar;D:\Java\jre\lib\deploy.jar;D:\Java\jre\lib\ext\access-bridge-64.jar;D:\Java\jre\lib\ext\cldrdata.jar;D:\Java\jre\lib\ext\dnsns.jar;D:\Java\jre\lib\ext\jaccess.jar;D:\Java\jre\lib\ext\jfxrt.jar;D:\Java\jre\lib\ext\localedata.jar;D:\Java\jre\lib\ext\nashorn.jar;D:\Java\jre\lib\ext\sunec.jar;D:\Java\jre\lib\ext\sunjce_provider.jar;D:\Java\jre\lib\ext\sunmscapi.jar;D:\Java\jre\lib\ext\sunpkcs11.jar;D:\Java\jre\lib\ext\zipfs.jar;D:\Java\jre\lib\javaws.jar;D:\Java\jre\lib\jce.jar;D:\Java\jre\lib\jfr.jar;D:\Java\jre\lib\jfxswt.jar;D:\Java\jre\lib\jsse.jar;D:\Java\jre\lib\management-agent.jar;D:\Java\jre\lib\plugin.jar;D:\Java\jre\lib\resources.jar;D:\Java\jre\lib\rt.jar;D:\unionpaywork\target\test-classes;D:\unionpaywork\target\classes;C:\Users\adiministartor\.m2\repository\com\alibaba\fastjson\1.2.59\fastjson-1.2.59.jar;C:\Users\adiministartor\.m2\repository\junit\junit\4.13-beta-3\junit-4.13-beta-3.jar;C:\Users\adiministartor\.m2\repository\org\hamcrest\hamcrest-core\1.3\hamcrest-core-1.3.jar;C:\Users\adiministartor\.m2\repository\org\openpnp\opencv\3.4.2-1\opencv-3.4.2-1.jar;C:\Users\adiministartor\.m2\repository\org\junit\jupiter\junit-jupiter-api\5.5.2\junit-jupiter-api-5.5.2.jar;C:\Users\adiministartor\.m2\repository\org\apiguardian\apiguardian-api\1.1.0\apiguardian-api-1.1.0.jar;C:\Users\adiministartor\.m2\repository\org\opentest4j\opentest4j\1.2.0\opentest4j-1.2.0.jar;C:\Users\adiministartor\.m2\repository\org\junit\platform\junit-platform-commons\1.5.2\junit-platform-commons-1.5.2.jar;C:\Users\adiministartor\.m2\repository\org\bytedeco\javacv-platform\1.4.1\javacv-platform-1.4.1.jar;C:\Users\adiministartor\.m2\repository\org\bytedeco\javacv\1.4.1\javacv-1.4.1.jar;C:\Users\adiministartor\.m2\repository\org\bytedeco\javacpp\1.4.1\javacpp-1.4.1.jar;C:\Users\adim
Launcher Type: SUN_STANDARD

Environment Variables:
PATH=C:\Program Files (x86)\Common Files\Oracle\Java\javapath;C:\Program Files (x86)\Intel\Intel(R) Management Engine Components\iCLS\;C:\Program Files\Intel\Intel(R) Management Engine Components\iCLS\;C:\Windows\system32;C:\Windows;C:\Windows\System32\Wbem;C:\Windows\System32\WindowsPowerShell\v1.0\;C:\Windows\System32\OpenSSH\;C:\Program Files (x86)\Intel\Intel(R) Management Engine Components\DAL;C:\Program Files\Intel\Intel(R) Management Engine Components\DAL;C:\Program Files (x86)\NVIDIA Corporation\PhysX\Common;C:\Program Files\Intel\WiFi\bin\;C:\Program Files\Common Files\Intel\WirelessCommon\;C:\WINDOWS\system32;C:\WINDOWS;C:\WINDOWS\System32\Wbem;C:\WINDOWS\System32\WindowsPowerShell\v1.0\;C:\WINDOWS\System32\OpenSSH\;C:\Users\adiministartor\AppData\Local\Microsoft\WindowsApps;
USERNAME=adiministartor
OS=Windows_NT
PROCESSOR_IDENTIFIER=Intel64 Family 6 Model 142 Stepping 10, GenuineIntel



---------------  S Y S T E M  ---------------

OS: Windows 10.0 , 64 bit Build 17763 (10.0.17763.475)

CPU:total 8 (initial active 8) (4 cores per cpu, 2 threads per core) family 6 model 142 stepping 10, cmov, cx8, fxsr, mmx, sse, sse2, sse3, ssse3, sse4.1, sse4.2, popcnt, avx, avx2, aes, clmul, erms, 3dnowpref, lzcnt, ht, tsc, tscinvbit, bmi1, bmi2, adx

Memory: 4k page, physical 8227560k(2105316k free), swap 14551768k(5434172k free)

vm_info: Java HotSpot(TM) 64-Bit Server VM (25.211-b12) for windows-amd64 JRE (1.8.0_211-b12), built on Apr  1 2019 20:53:26 by "java_re" with MS VC++ 10.0 (VS2010)

time: Wed Oct 02 20:42:50 2019
timezone: 中国标准时间
elapsed time: 22 seconds (0d 0h 0m 22s)

