#
# A fatal error has been detected by the Java Runtime Environment:
#
#  Internal Error (0xc000000d), pid=6424, tid=0x0000000000001008
#
# JRE version: Java(TM) SE Runtime Environment (8.0_211-b12) (build 1.8.0_211-b12)
# Java VM: Java HotSpot(TM) 64-Bit Server VM (25.211-b12 mixed mode windows-amd64 compressed oops)
# Problematic frame:
# C  [ntdll.dll+0x110470]
#
# Failed to write core dump. Minidumps are not enabled by default on client versions of Windows
#
# If you would like to submit a bug report, please visit:
#   http://bugreport.java.com/bugreport/crash.jsp
#

---------------  T H R E A D  ---------------

Current thread (0x00000000028ee800):  VMThread [stack: 0x0000000019720000,0x0000000019820000] [id=4104]

siginfo: ExceptionCode=0xc000000d

Registers:
RAX=0x0000000000000000, RBX=0x0000000000000001, RCX=0x0000000000000000, RDX=0x0000000000000000
RSP=0x000000001981eee0, RBP=0x000000001d4c0230, RSI=0x000000001d4c0468, RDI=0x000000001d4d1500
R8 =0x0000000000000000, R9 =0x0000000000000000, R10=0x0000000000000000, R11=0x0000000000000000
R12=0x0000000000000000, R13=0x0000000000000000, R14=0x000000001d4d1450, R15=0x000000001d4d51e0
RIP=0x00007ffc36a90470, EFLAGS=0x0000000000000202

Top of Stack: (sp=0x000000001981eee0)
0x000000001981eee0:   0000000000000057 0000000000000001
0x000000001981eef0:   000000001d4c0468 000000001d4d1500
0x000000001981ef00:   00000000c000000d 0000000000000000
0x000000001981ef10:   00007ffc36a90470 0000000000000000
0x000000001981ef20:   0000000000000000 0000000000000000
0x000000001981ef30:   0000000000000000 0000000000000000
0x000000001981ef40:   0000000000000000 0000000000000000
0x000000001981ef50:   0000000000000000 0000000000000000
0x000000001981ef60:   0000000000000000 0000000000000000
0x000000001981ef70:   0000000000000000 0000000000000000
0x000000001981ef80:   0000000000000000 0000000000000000
0x000000001981ef90:   0000000000000000 0000000000000000
0x000000001981efa0:   0000b1f56d50a45a 000000001d4c0230
0x000000001981efb0:   000000001d4c0230 00007ffc2dd6af89
0x000000001981efc0:   0000000000000000 000000001d4d1450
0x000000001981efd0:   0000000004000004 0000000000000000 

Instructions: (pc=0x00007ffc36a90470)
0x00007ffc36a90450:   60 f9 ff c7 44 24 20 0d 00 00 c0 b9 57 00 00 00
0x00007ffc36a90460:   e8 db 93 f4 ff 90 48 8d 4c 24 20 e8 60 82 ef ff
0x00007ffc36a90470:   eb 00 48 8b 8c 24 c0 00 00 00 48 33 cc e8 ae f3
0x00007ffc36a90480:   f7 ff 48 81 c4 d8 00 00 00 c3 40 55 48 83 ec 20 


Register to memory mapping:

RAX=0x0000000000000000 is an unknown value
RBX=0x0000000000000001 is an unknown value
RCX=0x0000000000000000 is an unknown value
RDX=0x0000000000000000 is an unknown value
RSP=0x000000001981eee0 is an unknown value
RBP=0x000000001d4c0230 is an unknown value
RSI=0x000000001d4c0468 is an unknown value
RDI=0x000000001d4d1500 is an unknown value
R8 =0x0000000000000000 is an unknown value
R9 =0x0000000000000000 is an unknown value
R10=0x0000000000000000 is an unknown value
R11=0x0000000000000000 is an unknown value
R12=0x0000000000000000 is an unknown value
R13=0x0000000000000000 is an unknown value
R14=0x000000001d4d1450 is an unknown value
R15=0x000000001d4d51e0 is an unknown value


Stack: [0x0000000019720000,0x0000000019820000],  sp=0x000000001981eee0,  free space=1019k
Native frames: (J=compiled Java code, j=interpreted, Vv=VM code, C=native code)
C  [ntdll.dll+0x110470]
C  [RTWorkQ.DLL+0xaf89]
C  [RTWorkQ.DLL+0x19b1]
C  [RTWorkQ.DLL+0xad98]
C  [RTWorkQ.DLL+0xac22]
C  [MFPlat.DLL+0x7650]
C  [MFReadWrite.dll+0x23e60]
C  [MFReadWrite.dll+0x20444]
C  [MFReadWrite.dll+0x20195]
C  [mfksproxy.dll+0x16fcd]
C  [mfksproxy.dll+0x15f82]
C  [mfksproxy.dll+0x68d8]
C  [quartz.dll+0x4361a]
C  [quartz.dll+0x56ee4]
C  [quartz.dll+0x595d2]
C  [quartz.dll+0x58965]
C  [opencv_videoio341.dll+0x112fc]
C  [opencv_videoio341.dll+0x28c40]
C  [ucrtbase.dll+0x13e26]
C  [ucrtbase.dll+0x13d4b]
C  [ucrtbase.dll+0x13d04]
C  [opencv_videoio341.dll+0x24672]
C  [opencv_videoio341.dll+0x24768]
C  [ntdll.dll+0x48f07]
C  [ntdll.dll+0x435bc]
C  [ntdll.dll+0x66dcd]
C  [KERNEL32.DLL+0x1d62a]
C  [msvcr100.dll+0x20ccd]
V  [jvm.dll+0x2140d5]
V  [jvm.dll+0x24d5f7]
V  [jvm.dll+0x24c896]
V  [jvm.dll+0x24cd31]
V  [jvm.dll+0x24cf4e]
V  [jvm.dll+0x29fc6a]
C  [msvcr100.dll+0x21d9f]
C  [msvcr100.dll+0x21e3b]
C  [KERNEL32.DLL+0x17974]
C  [ntdll.dll+0x6a271]

VM_Operation (0x000000000243f560): Exit, mode: safepoint, requested by thread 0x00000000027f9000


---------------  P R O C E S S  ---------------

Java Threads: ( => current thread )
  0x000000001b056800 JavaThread "JavaCPP Deallocator" daemon [_thread_blocked, id=3156, stack(0x000000001bfa0000,0x000000001c0a0000)]
  0x000000001997a000 JavaThread "Service Thread" daemon [_thread_blocked, id=9304, stack(0x000000001a520000,0x000000001a620000)]
  0x00000000198e7000 JavaThread "C1 CompilerThread3" daemon [_thread_blocked, id=7056, stack(0x000000001a420000,0x000000001a520000)]
  0x00000000198da000 JavaThread "C2 CompilerThread2" daemon [_thread_blocked, id=10016, stack(0x000000001a320000,0x000000001a420000)]
  0x00000000198d6800 JavaThread "C2 CompilerThread1" daemon [_thread_blocked, id=10276, stack(0x000000001a220000,0x000000001a320000)]
  0x00000000198d3000 JavaThread "C2 CompilerThread0" daemon [_thread_blocked, id=4424, stack(0x000000001a120000,0x000000001a220000)]
  0x00000000198d1800 JavaThread "Monitor Ctrl-Break" daemon [_thread_in_native, id=7556, stack(0x000000001a020000,0x000000001a120000)]
  0x00000000198ba800 JavaThread "Attach Listener" daemon [_thread_blocked, id=10244, stack(0x0000000019f20000,0x000000001a020000)]
  0x0000000019866800 JavaThread "Signal Dispatcher" daemon [_thread_blocked, id=14256, stack(0x0000000019e20000,0x0000000019f20000)]
  0x0000000017a64000 JavaThread "Finalizer" daemon [_thread_blocked, id=9732, stack(0x0000000019d20000,0x0000000019e20000)]
  0x0000000019840800 JavaThread "Reference Handler" daemon [_thread_blocked, id=12616, stack(0x0000000019c20000,0x0000000019d20000)]
  0x00000000027f9000 JavaThread "main" [_thread_blocked, id=14272, stack(0x0000000002340000,0x0000000002440000)]

Other Threads:
=>0x00000000028ee800 VMThread [stack: 0x0000000019720000,0x0000000019820000] [id=4104]

VM state:at safepoint (shutting down)

VM Mutex/Monitor currently owned by a thread:  ([mutex/lock_event])
[0x00000000027f0650] Threads_lock - owner thread: 0x00000000028ee800

heap address: 0x0000000082600000, size: 2010 MB, Compressed Oops mode: 32-bit
Narrow klass base: 0x0000000000000000, Narrow klass shift: 3
Compressed class space size: 1073741824 Address: 0x0000000100000000

Heap:
 PSYoungGen      total 37888K, used 24168K [0x00000000d6200000, 0x00000000d8c00000, 0x0000000100000000)
  eden space 32768K, 67% used [0x00000000d6200000,0x00000000d77712c0,0x00000000d8200000)
  from space 5120K, 43% used [0x00000000d8700000,0x00000000d89290e0,0x00000000d8c00000)
  to   space 5120K, 0% used [0x00000000d8200000,0x00000000d8200000,0x00000000d8700000)
 ParOldGen       total 86016K, used 32K [0x0000000082600000, 0x0000000087a00000, 0x00000000d6200000)
  object space 86016K, 0% used [0x0000000082600000,0x0000000082608000,0x0000000087a00000)
 Metaspace       used 9065K, capacity 9190K, committed 9216K, reserved 1056768K
  class space    used 974K, capacity 1012K, committed 1024K, reserved 1048576K

Card table byte_map: [0x0000000011f20000,0x0000000012310000] byte_map_base: 0x0000000011b0d000

Marking Bits: (ParMarkBitMap*) 0x0000000074325ce0
 Begin Bits: [0x0000000012db0000, 0x0000000014d18000)
 End Bits:   [0x0000000014d18000, 0x0000000016c80000)

Polling page: 0x00000000001f0000

CodeCache: size=245760Kb used=3960Kb max_used=3971Kb free=241799Kb
 bounds [0x0000000002b60000, 0x0000000002f50000, 0x0000000011b60000]
 total_blobs=1244 nmethods=811 adapters=346
 compilation: enabled

Compilation events (10 events):
Event: 2.195 Thread 0x00000000198e7000  808       3       java.lang.Character::codePointAtImpl (41 bytes)
Event: 2.195 Thread 0x00000000198e7000 nmethod 808 0x0000000002f3eb50 code [0x0000000002f3ece0, 0x0000000002f3f170]
Event: 2.195 Thread 0x00000000198e7000  809       3       java.util.regex.Pattern::peek (26 bytes)
Event: 2.195 Thread 0x00000000198e7000 nmethod 809 0x0000000002f3f350 code [0x0000000002f3f4c0, 0x0000000002f3f768]
Event: 2.195 Thread 0x00000000198e7000  807       3       java.lang.String::codePointAt (36 bytes)
Event: 2.195 Thread 0x00000000198e7000 nmethod 807 0x0000000002f3f890 code [0x0000000002f3fa20, 0x0000000002f3fc98]
Event: 2.195 Thread 0x00000000198e7000  810       3       com.intellij.rt.execution.junit.MapSerializerUtil$1::escape (124 bytes)
Event: 2.196 Thread 0x00000000198e7000 nmethod 810 0x0000000002f3fdd0 code [0x0000000002f3ff40, 0x0000000002f401b0]
Event: 2.196 Thread 0x00000000198d3000  811       4       com.intellij.rt.execution.junit.MapSerializerUtil$1::escape (124 bytes)
Event: 2.196 Thread 0x00000000198d3000 nmethod 811 0x0000000002f42f90 code [0x0000000002f430c0, 0x0000000002f431f8]

GC Heap History (8 events):
Event: 0.670 GC heap before
{Heap before GC invocations=1 (full 0):
 PSYoungGen      total 37888K, used 32768K [0x00000000d6200000, 0x00000000d8c00000, 0x0000000100000000)
  eden space 32768K, 100% used [0x00000000d6200000,0x00000000d8200000,0x00000000d8200000)
  from space 5120K, 0% used [0x00000000d8700000,0x00000000d8700000,0x00000000d8c00000)
  to   space 5120K, 0% used [0x00000000d8200000,0x00000000d8200000,0x00000000d8700000)
 ParOldGen       total 86016K, used 0K [0x0000000082600000, 0x0000000087a00000, 0x00000000d6200000)
  object space 86016K, 0% used [0x0000000082600000,0x0000000082600000,0x0000000087a00000)
 Metaspace       used 7100K, capacity 7264K, committed 7552K, reserved 1056768K
  class space    used 763K, capacity 819K, committed 896K, reserved 1048576K
Event: 0.673 GC heap after
Heap after GC invocations=1 (full 0):
 PSYoungGen      total 37888K, used 2875K [0x00000000d6200000, 0x00000000d8c00000, 0x0000000100000000)
  eden space 32768K, 0% used [0x00000000d6200000,0x00000000d6200000,0x00000000d8200000)
  from space 5120K, 56% used [0x00000000d8200000,0x00000000d84cedb0,0x00000000d8700000)
  to   space 5120K, 0% used [0x00000000d8700000,0x00000000d8700000,0x00000000d8c00000)
 ParOldGen       total 86016K, used 8K [0x0000000082600000, 0x0000000087a00000, 0x00000000d6200000)
  object space 86016K, 0% used [0x0000000082600000,0x0000000082602000,0x0000000087a00000)
 Metaspace       used 7100K, capacity 7264K, committed 7552K, reserved 1056768K
  class space    used 763K, capacity 819K, committed 896K, reserved 1048576K
}
Event: 0.917 GC heap before
{Heap before GC invocations=2 (full 0):
 PSYoungGen      total 37888K, used 35643K [0x00000000d6200000, 0x00000000d8c00000, 0x0000000100000000)
  eden space 32768K, 100% used [0x00000000d6200000,0x00000000d8200000,0x00000000d8200000)
  from space 5120K, 56% used [0x00000000d8200000,0x00000000d84cedb0,0x00000000d8700000)
  to   space 5120K, 0% used [0x00000000d8700000,0x00000000d8700000,0x00000000d8c00000)
 ParOldGen       total 86016K, used 8K [0x0000000082600000, 0x0000000087a00000, 0x00000000d6200000)
  object space 86016K, 0% used [0x0000000082600000,0x0000000082602000,0x0000000087a00000)
 Metaspace       used 8289K, capacity 8448K, committed 8704K, reserved 1056768K
  class space    used 932K, capacity 979K, committed 1024K, reserved 1048576K
Event: 0.919 GC heap after
Heap after GC invocations=2 (full 0):
 PSYoungGen      total 37888K, used 2616K [0x00000000d6200000, 0x00000000d8c00000, 0x0000000100000000)
  eden space 32768K, 0% used [0x00000000d6200000,0x00000000d6200000,0x00000000d8200000)
  from space 5120K, 51% used [0x00000000d8700000,0x00000000d898e010,0x00000000d8c00000)
  to   space 5120K, 0% used [0x00000000d8200000,0x00000000d8200000,0x00000000d8700000)
 ParOldGen       total 86016K, used 16K [0x0000000082600000, 0x0000000087a00000, 0x00000000d6200000)
  object space 86016K, 0% used [0x0000000082600000,0x0000000082604000,0x0000000087a00000)
 Metaspace       used 8289K, capacity 8448K, committed 8704K, reserved 1056768K
  class space    used 932K, capacity 979K, committed 1024K, reserved 1048576K
}
Event: 1.195 GC heap before
{Heap before GC invocations=3 (full 0):
 PSYoungGen      total 37888K, used 35384K [0x00000000d6200000, 0x00000000d8c00000, 0x0000000100000000)
  eden space 32768K, 100% used [0x00000000d6200000,0x00000000d8200000,0x00000000d8200000)
  from space 5120K, 51% used [0x00000000d8700000,0x00000000d898e010,0x00000000d8c00000)
  to   space 5120K, 0% used [0x00000000d8200000,0x00000000d8200000,0x00000000d8700000)
 ParOldGen       total 86016K, used 16K [0x0000000082600000, 0x0000000087a00000, 0x00000000d6200000)
  object space 86016K, 0% used [0x0000000082600000,0x0000000082604000,0x0000000087a00000)
 Metaspace       used 8796K, capacity 8966K, committed 9216K, reserved 1056768K
  class space    used 946K, capacity 980K, committed 1024K, reserved 1048576K
Event: 1.196 GC heap after
Heap after GC invocations=3 (full 0):
 PSYoungGen      total 37888K, used 2166K [0x00000000d6200000, 0x00000000d8c00000, 0x0000000100000000)
  eden space 32768K, 0% used [0x00000000d6200000,0x00000000d6200000,0x00000000d8200000)
  from space 5120K, 42% used [0x00000000d8200000,0x00000000d841d990,0x00000000d8700000)
  to   space 5120K, 0% used [0x00000000d8700000,0x00000000d8700000,0x00000000d8c00000)
 ParOldGen       total 86016K, used 24K [0x0000000082600000, 0x0000000087a00000, 0x00000000d6200000)
  object space 86016K, 0% used [0x0000000082600000,0x0000000082606000,0x0000000087a00000)
 Metaspace       used 8796K, capacity 8966K, committed 9216K, reserved 1056768K
  class space    used 946K, capacity 980K, committed 1024K, reserved 1048576K
}
Event: 1.421 GC heap before
{Heap before GC invocations=4 (full 0):
 PSYoungGen      total 37888K, used 34934K [0x00000000d6200000, 0x00000000d8c00000, 0x0000000100000000)
  eden space 32768K, 100% used [0x00000000d6200000,0x00000000d8200000,0x00000000d8200000)
  from space 5120K, 42% used [0x00000000d8200000,0x00000000d841d990,0x00000000d8700000)
  to   space 5120K, 0% used [0x00000000d8700000,0x00000000d8700000,0x00000000d8c00000)
 ParOldGen       total 86016K, used 24K [0x0000000082600000, 0x0000000087a00000, 0x00000000d6200000)
  object space 86016K, 0% used [0x0000000082600000,0x0000000082606000,0x0000000087a00000)
 Metaspace       used 8949K, capacity 9126K, committed 9216K, reserved 1056768K
  class space    used 962K, capacity 1012K, committed 1024K, reserved 1048576K
Event: 1.423 GC heap after
Heap after GC invocations=4 (full 0):
 PSYoungGen      total 37888K, used 2212K [0x00000000d6200000, 0x00000000d8c00000, 0x0000000100000000)
  eden space 32768K, 0% used [0x00000000d6200000,0x00000000d6200000,0x00000000d8200000)
  from space 5120K, 43% used [0x00000000d8700000,0x00000000d89290e0,0x00000000d8c00000)
  to   space 5120K, 0% used [0x00000000d8200000,0x00000000d8200000,0x00000000d8700000)
 ParOldGen       total 86016K, used 32K [0x0000000082600000, 0x0000000087a00000, 0x00000000d6200000)
  object space 86016K, 0% used [0x0000000082600000,0x0000000082608000,0x0000000087a00000)
 Metaspace       used 8949K, capacity 9126K, committed 9216K, reserved 1056768K
  class space    used 962K, capacity 1012K, committed 1024K, reserved 1048576K
}

Deoptimization events (5 events):
Event: 0.502 Thread 0x00000000027f9000 Uncommon trap: reason=unstable_if action=reinterpret pc=0x0000000002d3ffe0 method=java.io.WinNTFileSystem.normalize(Ljava/lang/String;II)Ljava/lang/String; @ 8
Event: 0.507 Thread 0x00000000027f9000 Uncommon trap: reason=unstable_if action=reinterpret pc=0x0000000002d85900 method=java.io.WinNTFileSystem.normalize(Ljava/lang/String;)Ljava/lang/String; @ 128
Event: 2.185 Thread 0x00000000027f9000 Uncommon trap: reason=unstable_if action=reinterpret pc=0x0000000002e6fe88 method=java.lang.String.lastIndexOf([CII[CIII)I @ 66
Event: 2.185 Thread 0x00000000027f9000 Uncommon trap: reason=unstable_if action=reinterpret pc=0x0000000002d94f8c method=sun.net.www.ParseUtil.encodePath(Ljava/lang/String;Z)Ljava/lang/String; @ 145
Event: 2.185 Thread 0x00000000027f9000 Uncommon trap: reason=unstable_if action=reinterpret pc=0x0000000002de563c method=java.net.URL.<init>(Ljava/net/URL;Ljava/lang/String;Ljava/net/URLStreamHandler;)V @ 233

Classes redefined (0 events):
No events

Internal exceptions (10 events):
Event: 2.189 Thread 0x00000000027f9000 Exception <a 'java/lang/ClassNotFoundException': sun/net/www/protocol/d/Handler> (0x00000000d75ecae0) thrown at [C:\re\workspace\8-2-build-windows-amd64-cygwin\jdk8u211\12973\hotspot\src\share\vm\classfile\systemDictionary.cpp, line 210]
Event: 2.189 Thread 0x00000000027f9000 Exception <a 'java/lang/ClassNotFoundException': sun/net/www/protocol/d/Handler> (0x00000000d7601298) thrown at [C:\re\workspace\8-2-build-windows-amd64-cygwin\jdk8u211\12973\hotspot\src\share\vm\classfile\systemDictionary.cpp, line 210]
Event: 2.190 Thread 0x00000000027f9000 Exception <a 'java/lang/ClassNotFoundException': sun/net/www/protocol/d/Handler> (0x00000000d7615a58) thrown at [C:\re\workspace\8-2-build-windows-amd64-cygwin\jdk8u211\12973\hotspot\src\share\vm\classfile\systemDictionary.cpp, line 210]
Event: 2.190 Thread 0x00000000027f9000 Exception <a 'java/lang/ClassNotFoundException': sun/net/www/protocol/d/Handler> (0x00000000d762a218) thrown at [C:\re\workspace\8-2-build-windows-amd64-cygwin\jdk8u211\12973\hotspot\src\share\vm\classfile\systemDictionary.cpp, line 210]
Event: 2.190 Thread 0x00000000027f9000 Exception <a 'java/lang/ClassNotFoundException': sun/net/www/protocol/d/Handler> (0x00000000d763e9e0) thrown at [C:\re\workspace\8-2-build-windows-amd64-cygwin\jdk8u211\12973\hotspot\src\share\vm\classfile\systemDictionary.cpp, line 210]
Event: 2.191 Thread 0x00000000027f9000 Exception <a 'java/lang/ClassNotFoundException': sun/net/www/protocol/d/Handler> (0x00000000d76531a0) thrown at [C:\re\workspace\8-2-build-windows-amd64-cygwin\jdk8u211\12973\hotspot\src\share\vm\classfile\systemDictionary.cpp, line 210]
Event: 2.191 Thread 0x00000000027f9000 Exception <a 'java/lang/ClassNotFoundException': sun/net/www/protocol/d/Handler> (0x00000000d7667938) thrown at [C:\re\workspace\8-2-build-windows-amd64-cygwin\jdk8u211\12973\hotspot\src\share\vm\classfile\systemDictionary.cpp, line 210]
Event: 2.191 Thread 0x00000000027f9000 Exception <a 'java/lang/ClassNotFoundException': sun/net/www/protocol/d/Handler> (0x00000000d7684998) thrown at [C:\re\workspace\8-2-build-windows-amd64-cygwin\jdk8u211\12973\hotspot\src\share\vm\classfile\systemDictionary.cpp, line 210]
Event: 2.192 Thread 0x00000000027f9000 Exception <a 'java/lang/NullPointerException'> (0x00000000d7699d28) thrown at [C:\re\workspace\8-2-build-windows-amd64-cygwin\jdk8u211\12973\hotspot\src\share\vm\interpreter\linkResolver.cpp, line 1185]
Event: 2.192 Thread 0x00000000027f9000 Exception <a 'java/lang/reflect/InvocationTargetException'> (0x00000000d7699f30) thrown at [C:\re\workspace\8-2-build-windows-amd64-cygwin\jdk8u211\12973\hotspot\src\share\vm\runtime\reflection.cpp, line 1092]

Events (10 events):
Event: 2.196 loading class org/junit/runner/notification/RunNotifier$9 done
Event: 2.196 loading class org/junit/runner/notification/RunNotifier$4
Event: 2.196 loading class org/junit/runner/notification/RunNotifier$4 done
Event: 2.196 loading class org/junit/runner/notification/RunNotifier$2
Event: 2.196 loading class org/junit/runner/notification/RunNotifier$2 done
Event: 2.197 loading class java/lang/Shutdown
Event: 2.197 loading class java/lang/Shutdown done
Event: 2.197 loading class java/lang/Shutdown$Lock
Event: 2.197 loading class java/lang/Shutdown$Lock done
Event: 2.197 Executing VM operation: Exit


Dynamic libraries:
0x00007ff61e280000 - 0x00007ff61e2b7000 	D:\Java\bin\java.exe
0x00007ffc36980000 - 0x00007ffc36b6d000 	C:\WINDOWS\SYSTEM32\ntdll.dll
0x00007ffc347a0000 - 0x00007ffc34853000 	C:\WINDOWS\System32\KERNEL32.DLL
0x00007ffc33380000 - 0x00007ffc33613000 	C:\WINDOWS\System32\KERNELBASE.dll
0x00007ffc33c30000 - 0x00007ffc33cd3000 	C:\WINDOWS\System32\ADVAPI32.dll
0x00007ffc34b20000 - 0x00007ffc34bbe000 	C:\WINDOWS\System32\msvcrt.dll
0x00007ffc34c40000 - 0x00007ffc34cde000 	C:\WINDOWS\System32\sechost.dll
0x00007ffc34d10000 - 0x00007ffc34e32000 	C:\WINDOWS\System32\RPCRT4.dll
0x00007ffc35080000 - 0x00007ffc35217000 	C:\WINDOWS\System32\USER32.dll
0x00007ffc337e0000 - 0x00007ffc33800000 	C:\WINDOWS\System32\win32u.dll
0x00007ffc34ce0000 - 0x00007ffc34d09000 	C:\WINDOWS\System32\GDI32.dll
0x00007ffc32a90000 - 0x00007ffc32c29000 	C:\WINDOWS\System32\gdi32full.dll
0x00007ffc33640000 - 0x00007ffc336e0000 	C:\WINDOWS\System32\msvcp_win.dll
0x00007ffc336e0000 - 0x00007ffc337da000 	C:\WINDOWS\System32\ucrtbase.dll
0x00007ffc1e620000 - 0x00007ffc1e899000 	C:\WINDOWS\WinSxS\amd64_microsoft.windows.common-controls_6595b64144ccf1df_6.0.17763.737_none_05b6437c071e554b\COMCTL32.dll
0x00007ffc33d60000 - 0x00007ffc3408c000 	C:\WINDOWS\System32\combase.dll
0x00007ffc33a10000 - 0x00007ffc33a8e000 	C:\WINDOWS\System32\bcryptPrimitives.dll
0x00007ffc34770000 - 0x00007ffc3479e000 	C:\WINDOWS\System32\IMM32.DLL
0x00000000752b0000 - 0x0000000075382000 	D:\Java\jre\bin\msvcr100.dll
0x0000000073b00000 - 0x00000000743a5000 	D:\Java\jre\bin\server\jvm.dll
0x00007ffc33ba0000 - 0x00007ffc33ba8000 	C:\WINDOWS\System32\PSAPI.DLL
0x00007ffc30630000 - 0x00007ffc30654000 	C:\WINDOWS\SYSTEM32\WINMM.dll
0x00007ffc2b470000 - 0x00007ffc2b47a000 	C:\WINDOWS\SYSTEM32\VERSION.dll
0x00007ffc25e40000 - 0x00007ffc25e49000 	C:\WINDOWS\SYSTEM32\WSOCK32.dll
0x00007ffc301b0000 - 0x00007ffc301dd000 	C:\WINDOWS\SYSTEM32\winmmbase.dll
0x00007ffc34bc0000 - 0x00007ffc34c2d000 	C:\WINDOWS\System32\WS2_32.dll
0x00007ffc32a40000 - 0x00007ffc32a8a000 	C:\WINDOWS\System32\cfgmgr32.dll
0x00007ffc2d9e0000 - 0x00007ffc2d9ef000 	D:\Java\jre\bin\verify.dll
0x00007ffc2b8e0000 - 0x00007ffc2b909000 	D:\Java\jre\bin\java.dll
0x00007ffc1bf40000 - 0x00007ffc1bf63000 	D:\Java\jre\bin\instrument.dll
0x00007ffc27100000 - 0x00007ffc27116000 	D:\Java\jre\bin\zip.dll
0x00007ffc35450000 - 0x00007ffc36942000 	C:\WINDOWS\System32\SHELL32.dll
0x00007ffc34e40000 - 0x00007ffc34ee8000 	C:\WINDOWS\System32\shcore.dll
0x00007ffc32c30000 - 0x00007ffc3337a000 	C:\WINDOWS\System32\windows.storage.dll
0x00007ffc329b0000 - 0x00007ffc329d4000 	C:\WINDOWS\System32\profapi.dll
0x00007ffc329e0000 - 0x00007ffc32a3d000 	C:\WINDOWS\System32\powrprof.dll
0x00007ffc34ef0000 - 0x00007ffc34f42000 	C:\WINDOWS\System32\shlwapi.dll
0x00007ffc32990000 - 0x00007ffc329a1000 	C:\WINDOWS\System32\kernel.appcore.dll
0x00007ffc33620000 - 0x00007ffc33637000 	C:\WINDOWS\System32\cryptsp.dll
0x00007ffc26bf0000 - 0x00007ffc26c0a000 	D:\IntelliJ IDEA 2018.3\bin\breakgen64.dll
0x00007ffc266a0000 - 0x00007ffc266ba000 	D:\Java\jre\bin\net.dll
0x00007ffc1e060000 - 0x00007ffc1e237000 	C:\WINDOWS\SYSTEM32\urlmon.dll
0x00007ffc1ccb0000 - 0x00007ffc1cf58000 	C:\WINDOWS\SYSTEM32\iertutil.dll
0x00007ffc323b0000 - 0x00007ffc323bc000 	C:\WINDOWS\SYSTEM32\CRYPTBASE.DLL
0x00007ffc321e0000 - 0x00007ffc32247000 	C:\WINDOWS\system32\mswsock.dll
0x00007ffc0fb20000 - 0x00007ffc0fb71000 	C:\Users\adiministartor\.javacpp\cache\libfreenect2-0.2.0-1.4.1-windows-x86_64.jar\org\bytedeco\javacpp\windows-x86_64\concrt140.dll
0x00007ffc2b480000 - 0x00007ffc2b526000 	C:\WINDOWS\SYSTEM32\MSVCP140.dll
0x00007ffc2b530000 - 0x00007ffc2b546000 	C:\WINDOWS\SYSTEM32\VCRUNTIME140.dll
0x00007ffc1bd40000 - 0x00007ffc1bd52000 	D:\Java\jre\bin\nio.dll
0x00007ffc05630000 - 0x00007ffc056cd000 	C:\Users\adiministartor\.javacpp\cache\libfreenect2-0.2.0-1.4.1-windows-x86_64.jar\org\bytedeco\javacpp\windows-x86_64\msvcp140.dll
0x00007ffc17d60000 - 0x00007ffc17d77000 	C:\Users\adiministartor\.javacpp\cache\libfreenect2-0.2.0-1.4.1-windows-x86_64.jar\org\bytedeco\javacpp\windows-x86_64\vcruntime140.dll
0x0000000002470000 - 0x0000000002473000 	C:\Users\adiministartor\.javacpp\cache\libfreenect2-0.2.0-1.4.1-windows-x86_64.jar\org\bytedeco\javacpp\windows-x86_64\api-ms-win-crt-locale-l1-1-0.dll
0x0000000002480000 - 0x0000000002484000 	C:\Users\adiministartor\.javacpp\cache\libfreenect2-0.2.0-1.4.1-windows-x86_64.jar\org\bytedeco\javacpp\windows-x86_64\api-ms-win-crt-string-l1-1-0.dll
0x0000000002490000 - 0x0000000002494000 	C:\Users\adiministartor\.javacpp\cache\libfreenect2-0.2.0-1.4.1-windows-x86_64.jar\org\bytedeco\javacpp\windows-x86_64\api-ms-win-crt-stdio-l1-1-0.dll
0x0000000002950000 - 0x0000000002955000 	C:\Users\adiministartor\.javacpp\cache\libfreenect2-0.2.0-1.4.1-windows-x86_64.jar\org\bytedeco\javacpp\windows-x86_64\api-ms-win-crt-math-l1-1-0.dll
0x0000000002960000 - 0x0000000002963000 	C:\Users\adiministartor\.javacpp\cache\libfreenect2-0.2.0-1.4.1-windows-x86_64.jar\org\bytedeco\javacpp\windows-x86_64\api-ms-win-crt-heap-l1-1-0.dll
0x00000000029c0000 - 0x00000000029c4000 	C:\Users\adiministartor\.javacpp\cache\libfreenect2-0.2.0-1.4.1-windows-x86_64.jar\org\bytedeco\javacpp\windows-x86_64\api-ms-win-crt-runtime-l1-1-0.dll
0x00000000029d0000 - 0x00000000029d4000 	C:\Users\adiministartor\.javacpp\cache\libfreenect2-0.2.0-1.4.1-windows-x86_64.jar\org\bytedeco\javacpp\windows-x86_64\api-ms-win-crt-convert-l1-1-0.dll
0x00000000029e0000 - 0x00000000029e3000 	C:\Users\adiministartor\.javacpp\cache\libfreenect2-0.2.0-1.4.1-windows-x86_64.jar\org\bytedeco\javacpp\windows-x86_64\api-ms-win-crt-environment-l1-1-0.dll
0x00000000029f0000 - 0x00000000029f3000 	C:\Users\adiministartor\.javacpp\cache\libfreenect2-0.2.0-1.4.1-windows-x86_64.jar\org\bytedeco\javacpp\windows-x86_64\api-ms-win-crt-time-l1-1-0.dll
0x0000000002a00000 - 0x0000000002a03000 	C:\Users\adiministartor\.javacpp\cache\libfreenect2-0.2.0-1.4.1-windows-x86_64.jar\org\bytedeco\javacpp\windows-x86_64\api-ms-win-crt-filesystem-l1-1-0.dll
0x0000000002a10000 - 0x0000000002a13000 	C:\Users\adiministartor\.javacpp\cache\libfreenect2-0.2.0-1.4.1-windows-x86_64.jar\org\bytedeco\javacpp\windows-x86_64\api-ms-win-crt-utility-l1-1-0.dll
0x0000000002a20000 - 0x0000000002a25000 	C:\Users\adiministartor\.javacpp\cache\libfreenect2-0.2.0-1.4.1-windows-x86_64.jar\org\bytedeco\javacpp\windows-x86_64\api-ms-win-crt-multibyte-l1-1-0.dll
0x00007ffbf4900000 - 0x00007ffbf4c04000 	C:\Users\adiministartor\.javacpp\cache\opencv-3.4.1-1.4.1-windows-x86_64.jar\org\bytedeco\javacpp\windows-x86_64\opencv_core341.dll
0x00007ffbf37c0000 - 0x00007ffbf3bc5000 	C:\Users\adiministartor\.javacpp\cache\opencv-3.4.1-1.4.1-windows-x86_64.jar\org\bytedeco\javacpp\windows-x86_64\opencv_imgproc341.dll
0x00007ffbf2900000 - 0x00007ffbf2c8e000 	C:\Users\adiministartor\.javacpp\cache\opencv-3.4.1-1.4.1-windows-x86_64.jar\org\bytedeco\javacpp\windows-x86_64\jniopencv_core.dll
0x00007ffbfc030000 - 0x00007ffbfc186000 	C:\Users\adiministartor\.javacpp\cache\opencv-3.4.1-1.4.1-windows-x86_64.jar\org\bytedeco\javacpp\windows-x86_64\jniopencv_imgproc.dll
0x00007ffbf54c0000 - 0x00007ffbf578f000 	C:\Users\adiministartor\.javacpp\cache\opencv-3.4.1-1.4.1-windows-x86_64.jar\org\bytedeco\javacpp\windows-x86_64\opencv_imgcodecs341.dll
0x00007ffc0d2a0000 - 0x00007ffc0d2d4000 	C:\Users\adiministartor\.javacpp\cache\opencv-3.4.1-1.4.1-windows-x86_64.jar\org\bytedeco\javacpp\windows-x86_64\jniopencv_imgcodecs.dll
0x00007ffc0ccc0000 - 0x00007ffc0cd11000 	C:\Users\adiministartor\.javacpp\cache\opencv-3.4.1-1.4.1-windows-x86_64.jar\org\bytedeco\javacpp\windows-x86_64\opencv_videoio341.dll
0x00007ffc352f0000 - 0x00007ffc35445000 	C:\WINDOWS\System32\ole32.dll
0x00007ffc0cc90000 - 0x00007ffc0ccb9000 	C:\WINDOWS\SYSTEM32\MSVFW32.dll
0x00007ffc0d280000 - 0x00007ffc0d298000 	C:\WINDOWS\SYSTEM32\AVICAP32.dll
0x00007ffc0d560000 - 0x00007ffc0d580000 	C:\WINDOWS\SYSTEM32\AVIFIL32.dll
0x00007ffc35220000 - 0x00007ffc352e4000 	C:\WINDOWS\System32\OLEAUT32.dll
0x00007ffc236f0000 - 0x00007ffc2370c000 	C:\WINDOWS\SYSTEM32\MSACM32.dll
0x00007ffc0c550000 - 0x00007ffc0c56f000 	C:\Users\adiministartor\.javacpp\cache\opencv-3.4.1-1.4.1-windows-x86_64.jar\org\bytedeco\javacpp\windows-x86_64\jniopencv_videoio.dll
0x00007ffc30b90000 - 0x00007ffc30c2c000 	C:\WINDOWS\system32\uxtheme.dll
0x00007ffc0b870000 - 0x00007ffc0b888000 	C:\Windows\System32\devenum.dll
0x00007ffc342f0000 - 0x00007ffc34766000 	C:\WINDOWS\System32\setupapi.dll
0x00007ffc339e0000 - 0x00007ffc33a06000 	C:\WINDOWS\System32\bcrypt.dll
0x00007ffc319e0000 - 0x00007ffc31a11000 	C:\WINDOWS\SYSTEM32\ntmarta.dll
0x00007ffc32780000 - 0x00007ffc327a9000 	C:\WINDOWS\SYSTEM32\DEVOBJ.dll
0x00007ffc33a90000 - 0x00007ffc33ae9000 	C:\WINDOWS\System32\WINTRUST.dll
0x00007ffc32970000 - 0x00007ffc32982000 	C:\WINDOWS\System32\MSASN1.dll
0x00007ffc33800000 - 0x00007ffc339db000 	C:\WINDOWS\System32\CRYPT32.dll
0x00007ffc2b970000 - 0x00007ffc2b97b000 	C:\WINDOWS\SYSTEM32\msdmo.dll
0x00007ffc09c40000 - 0x00007ffc09c74000 	C:\Windows\System32\qcap.dll
0x00007ffbfb3b0000 - 0x00007ffbfb575000 	C:\Windows\System32\quartz.dll
0x00007ffc34090000 - 0x00007ffc341fb000 	C:\WINDOWS\System32\MSCTF.dll
0x00007ffc30e90000 - 0x00007ffc30ebe000 	C:\WINDOWS\system32\dwmapi.dll
0x00007ffc079a0000 - 0x00007ffc079ea000 	C:\Windows\System32\mfksproxy.dll
0x00007ffc30780000 - 0x00007ffc3079c000 	C:\Windows\System32\ATL.DLL
0x00007ffc2e050000 - 0x00007ffc2e251000 	C:\Windows\System32\MFPlat.DLL
0x00007ffc2dd60000 - 0x00007ffc2dd8f000 	C:\Windows\System32\RTWorkQ.DLL
0x00007ffc05e40000 - 0x00007ffc05e94000 	C:\Windows\System32\MFSENSORGROUP.dll
0x00007ffbf0e20000 - 0x00007ffbf1349000 	C:\Windows\System32\MFCORE.dll
0x00007ffc17160000 - 0x00007ffc17169000 	C:\Windows\System32\ksuser.dll
0x00007ffc04e00000 - 0x00007ffc04e52000 	C:\Windows\System32\FSClient.dll
0x00007ffc31770000 - 0x00007ffc31832000 	C:\Windows\System32\dxgi.dll
0x00007ffc2f7a0000 - 0x00007ffc2fa1e000 	C:\Windows\System32\d3d11.dll
0x00007ffc2eb50000 - 0x00007ffc2eb5a000 	C:\Windows\System32\AVRT.dll
0x00007ffc2b770000 - 0x00007ffc2b77d000 	C:\Windows\System32\vidcap.ax
0x00007ffc0b290000 - 0x00007ffc0b2b6000 	C:\Windows\System32\kswdmcap.ax
0x00007ffbf4790000 - 0x00007ffbf48f2000 	C:\Windows\System32\MFC42.dll
0x00007ffc287c0000 - 0x00007ffc28840000 	C:\WINDOWS\SYSTEM32\policymanager.dll
0x00007ffc2f1f0000 - 0x00007ffc2f27a000 	C:\Windows\System32\msvcp110_win.dll
0x00007ffc01160000 - 0x00007ffc01299000 	C:\Windows\System32\MFReadWrite.dll
0x00007ffbff6b0000 - 0x00007ffbff751000 	C:\Windows\System32\qedit.dll
0x00007ffc34f50000 - 0x00007ffc35077000 	C:\WINDOWS\System32\COMDLG32.dll
0x00007ffc21b50000 - 0x00007ffc21cf5000 	C:\WINDOWS\WinSxS\amd64_microsoft.windows.gdiplus_6595b64144ccf1df_1.1.17763.737_none_36a1366161b0cf19\gdiplus.dll
0x00007ffc0f630000 - 0x00007ffc0f729000 	C:\Windows\System32\DDRAW.dll
0x00007ffc307a0000 - 0x00007ffc307a8000 	C:\Windows\System32\DCIMAN32.dll
0x00007ffc27a00000 - 0x00007ffc27a0c000 	C:\WINDOWS\SYSTEM32\msyuv.dll
0x00007ffc31310000 - 0x00007ffc314fd000 	C:\WINDOWS\SYSTEM32\dbghelp.dll

VM Arguments:
jvm_args: -ea -Didea.test.cyclic.buffer.size=1048576 -javaagent:D:\IntelliJ IDEA 2018.3\lib\idea_rt.jar=51135:D:\IntelliJ IDEA 2018.3\bin -Dfile.encoding=UTF-8 
java_command: com.intellij.rt.execution.junit.JUnitStarter -ideVersion5 -junit4 JavaCVTest,testFaceRecognize
java_class_path (initial): D:\IntelliJ IDEA 2018.3\lib\idea_rt.jar;D:\IntelliJ IDEA 2018.3\plugins\junit\lib\junit-rt.jar;D:\IntelliJ IDEA 2018.3\plugins\junit\lib\junit5-rt.jar;D:\Java\jre\lib\charsets.jar;D:\Java\jre\lib\deploy.jar;D:\Java\jre\lib\ext\access-bridge-64.jar;D:\Java\jre\lib\ext\cldrdata.jar;D:\Java\jre\lib\ext\dnsns.jar;D:\Java\jre\lib\ext\jaccess.jar;D:\Java\jre\lib\ext\jfxrt.jar;D:\Java\jre\lib\ext\localedata.jar;D:\Java\jre\lib\ext\nashorn.jar;D:\Java\jre\lib\ext\sunec.jar;D:\Java\jre\lib\ext\sunjce_provider.jar;D:\Java\jre\lib\ext\sunmscapi.jar;D:\Java\jre\lib\ext\sunpkcs11.jar;D:\Java\jre\lib\ext\zipfs.jar;D:\Java\jre\lib\javaws.jar;D:\Java\jre\lib\jce.jar;D:\Java\jre\lib\jfr.jar;D:\Java\jre\lib\jfxswt.jar;D:\Java\jre\lib\jsse.jar;D:\Java\jre\lib\management-agent.jar;D:\Java\jre\lib\plugin.jar;D:\Java\jre\lib\resources.jar;D:\Java\jre\lib\rt.jar;D:\unionpaywork\target\test-classes;D:\unionpaywork\target\classes;C:\Users\adiministartor\.m2\repository\com\alibaba\fastjson\1.2.59\fastjson-1.2.59.jar;C:\Users\adiministartor\.m2\repository\junit\junit\4.13-beta-3\junit-4.13-beta-3.jar;C:\Users\adiministartor\.m2\repository\org\hamcrest\hamcrest-core\1.3\hamcrest-core-1.3.jar;C:\Users\adiministartor\.m2\repository\org\openpnp\opencv\3.4.2-1\opencv-3.4.2-1.jar;C:\Users\adiministartor\.m2\repository\org\junit\jupiter\junit-jupiter-api\5.5.2\junit-jupiter-api-5.5.2.jar;C:\Users\adiministartor\.m2\repository\org\apiguardian\apiguardian-api\1.1.0\apiguardian-api-1.1.0.jar;C:\Users\adiministartor\.m2\repository\org\opentest4j\opentest4j\1.2.0\opentest4j-1.2.0.jar;C:\Users\adiministartor\.m2\repository\org\junit\platform\junit-platform-commons\1.5.2\junit-platform-commons-1.5.2.jar;C:\Users\adiministartor\.m2\repository\org\bytedeco\javacv-platform\1.4.1\javacv-platform-1.4.1.jar;C:\Users\adiministartor\.m2\repository\org\bytedeco\javacv\1.4.1\javacv-1.4.1.jar;C:\Users\adiministartor\.m2\repository\org\bytedeco\javacpp\1.4.1\javacpp-1.4.1.jar;C:\Users\adim
Launcher Type: SUN_STANDARD

Environment Variables:
PATH=C:\Program Files (x86)\Common Files\Oracle\Java\javapath;C:\Program Files (x86)\Intel\Intel(R) Management Engine Components\iCLS\;C:\Program Files\Intel\Intel(R) Management Engine Components\iCLS\;C:\Windows\system32;C:\Windows;C:\Windows\System32\Wbem;C:\Windows\System32\WindowsPowerShell\v1.0\;C:\Windows\System32\OpenSSH\;C:\Program Files (x86)\Intel\Intel(R) Management Engine Components\DAL;C:\Program Files\Intel\Intel(R) Management Engine Components\DAL;C:\Program Files (x86)\NVIDIA Corporation\PhysX\Common;C:\Program Files\Intel\WiFi\bin\;C:\Program Files\Common Files\Intel\WirelessCommon\;C:\WINDOWS\system32;C:\WINDOWS;C:\WINDOWS\System32\Wbem;C:\WINDOWS\System32\WindowsPowerShell\v1.0\;C:\WINDOWS\System32\OpenSSH\;C:\Users\adiministartor\AppData\Local\Microsoft\WindowsApps;
USERNAME=adiministartor
OS=Windows_NT
PROCESSOR_IDENTIFIER=Intel64 Family 6 Model 142 Stepping 10, GenuineIntel



---------------  S Y S T E M  ---------------

OS: Windows 10.0 , 64 bit Build 17763 (10.0.17763.475)

CPU:total 8 (initial active 8) (4 cores per cpu, 2 threads per core) family 6 model 142 stepping 10, cmov, cx8, fxsr, mmx, sse, sse2, sse3, ssse3, sse4.1, sse4.2, popcnt, avx, avx2, aes, clmul, erms, 3dnowpref, lzcnt, ht, tsc, tscinvbit, bmi1, bmi2, adx

Memory: 4k page, physical 8227560k(2184556k free), swap 14551768k(5516720k free)

vm_info: Java HotSpot(TM) 64-Bit Server VM (25.211-b12) for windows-amd64 JRE (1.8.0_211-b12), built on Apr  1 2019 20:53:26 by "java_re" with MS VC++ 10.0 (VS2010)

time: Wed Oct 02 20:41:04 2019
timezone: 中国标准时间
elapsed time: 3 seconds (0d 0h 0m 3s)

